app/build/intermediates/manifest_merge_blame_file/debug/processDebugMainManifest/manifest-merger-blame-debug-report.txt
1<?xml version="1.0" encoding="utf-8"?>
2<manifest xmlns:android="http://schemas.android.com/apk/res/android"
3    package="com.renteasy.app"
4    android:versionCode="1"
5    android:versionName="1.0" >
6
7    <uses-sdk
8        android:minSdkVersion="24"
9        android:targetSdkVersion="34" />
10
11    <uses-permission android:name="android.permission.INTERNET" />
11-->src\main\AndroidManifest.xml:4:5-67
11-->src\main\AndroidManifest.xml:4:22-64
12    <uses-permission android:name="android.permission.ACCESS_NETWORK_STATE" />
12-->src\main\AndroidManifest.xml:5:5-79
12-->src\main\AndroidManifest.xml:5:22-76
13    <uses-permission android:name="android.permission.ACCESS_FINE_LOCATION" />
13-->src\main\AndroidManifest.xml:6:5-79
13-->src\main\AndroidManifest.xml:6:22-76
14    <uses-permission android:name="android.permission.ACCESS_COARSE_LOCATION" />
14-->src\main\AndroidManifest.xml:7:5-81
14-->src\main\AndroidManifest.xml:7:22-78
15    <uses-permission android:name="android.permission.CAMERA" />
15-->src\main\AndroidManifest.xml:8:5-65
15-->src\main\AndroidManifest.xml:8:22-62
16    <uses-permission android:name="com.google.android.providers.gsf.permission.READ_GSERVICES" />
16-->[com.google.android.recaptcha:recaptcha:18.4.0] AndroidManifest.xml:9:5-98
16-->[com.google.android.recaptcha:recaptcha:18.4.0] AndroidManifest.xml:9:22-95
17
18    <permission
18-->[androidx.core:core:1.12.0] AndroidManifest.xml:22:5-24:47
19        android:name="com.renteasy.app.DYNAMIC_RECEIVER_NOT_EXPORTED_PERMISSION"
19-->[androidx.core:core:1.12.0] AndroidManifest.xml:23:9-81
20        android:protectionLevel="signature" />
20-->[androidx.core:core:1.12.0] AndroidManifest.xml:24:9-44
21
22    <uses-permission android:name="com.renteasy.app.DYNAMIC_RECEIVER_NOT_EXPORTED_PERMISSION" />
22-->[androidx.core:core:1.12.0] AndroidManifest.xml:26:5-97
22-->[androidx.core:core:1.12.0] AndroidManifest.xml:26:22-94
23
24    <application
24-->src\main\AndroidManifest.xml:10:5-40:19
25        android:name="com.renteasy.app.RentEasyApp"
25-->src\main\AndroidManifest.xml:11:9-36
26        android:allowBackup="true"
26-->src\main\AndroidManifest.xml:12:9-35
27        android:appComponentFactory="androidx.core.app.CoreComponentFactory"
27-->[androidx.core:core:1.12.0] AndroidManifest.xml:28:18-86
28        android:debuggable="true"
29        android:extractNativeLibs="false"
30        android:icon="@mipmap/ic_launcher"
30-->src\main\AndroidManifest.xml:13:9-43
31        android:label="@string/app_name"
31-->src\main\AndroidManifest.xml:15:9-41
32        android:largeHeap="true"
32-->src\main\AndroidManifest.xml:17:9-33
33        android:networkSecurityConfig="@xml/network_security_config"
33-->src\main\AndroidManifest.xml:18:9-69
34        android:roundIcon="@mipmap/ic_launcher_round"
34-->src\main\AndroidManifest.xml:14:9-54
35        android:supportsRtl="true"
35-->src\main\AndroidManifest.xml:16:9-35
36        android:theme="@style/Theme.RentEasy" >
36-->src\main\AndroidManifest.xml:19:9-46
37        <activity
37-->src\main\AndroidManifest.xml:20:9-29:20
38            android:name="com.renteasy.app.MainActivity"
38-->src\main\AndroidManifest.xml:21:13-41
39            android:exported="true"
39-->src\main\AndroidManifest.xml:22:13-36
40            android:theme="@style/Theme.RentEasy"
40-->src\main\AndroidManifest.xml:23:13-50
41            android:windowSoftInputMode="adjustResize" >
41-->src\main\AndroidManifest.xml:24:13-55
42            <intent-filter>
42-->src\main\AndroidManifest.xml:25:13-28:29
43                <action android:name="android.intent.action.MAIN" />
43-->src\main\AndroidManifest.xml:26:17-69
43-->src\main\AndroidManifest.xml:26:25-66
44
45                <category android:name="android.intent.category.LAUNCHER" />
45-->src\main\AndroidManifest.xml:27:17-77
45-->src\main\AndroidManifest.xml:27:27-74
46            </intent-filter>
47        </activity>
48
49        <provider
50            android:name="androidx.core.content.FileProvider"
50-->src\main\AndroidManifest.xml:32:13-62
51            android:authorities="com.renteasy.app.provider"
51-->src\main\AndroidManifest.xml:33:13-60
52            android:exported="false"
52-->src\main\AndroidManifest.xml:34:13-37
53            android:grantUriPermissions="true" >
53-->src\main\AndroidManifest.xml:35:13-47
54            <meta-data
54-->src\main\AndroidManifest.xml:36:13-38:63
55                android:name="android.support.FILE_PROVIDER_PATHS"
55-->src\main\AndroidManifest.xml:37:17-67
56                android:resource="@xml/file_provider_paths" />
56-->src\main\AndroidManifest.xml:38:17-60
57        </provider>
58
59        <activity
59-->[androidx.compose.ui:ui-tooling-android:1.6.3] AndroidManifest.xml:23:9-25:39
60            android:name="androidx.compose.ui.tooling.PreviewActivity"
60-->[androidx.compose.ui:ui-tooling-android:1.6.3] AndroidManifest.xml:24:13-71
61            android:exported="true" />
61-->[androidx.compose.ui:ui-tooling-android:1.6.3] AndroidManifest.xml:25:13-36
62        <activity
62-->[androidx.compose.ui:ui-test-manifest:1.6.3] AndroidManifest.xml:23:9-25:39
63            android:name="androidx.activity.ComponentActivity"
63-->[androidx.compose.ui:ui-test-manifest:1.6.3] AndroidManifest.xml:24:13-63
64            android:exported="true" />
64-->[androidx.compose.ui:ui-test-manifest:1.6.3] AndroidManifest.xml:25:13-36
65
66        <service
66-->[com.google.firebase:firebase-auth-ktx:23.0.0] AndroidManifest.xml:8:9-14:19
67            android:name="com.google.firebase.components.ComponentDiscoveryService"
67-->[com.google.firebase:firebase-auth-ktx:23.0.0] AndroidManifest.xml:9:13-84
68            android:directBootAware="true"
68-->[com.google.firebase:firebase-common:21.0.0] AndroidManifest.xml:32:13-43
69            android:exported="false" >
69-->[com.google.firebase:firebase-auth-ktx:23.0.0] AndroidManifest.xml:10:13-37
70            <meta-data
70-->[com.google.firebase:firebase-auth-ktx:23.0.0] AndroidManifest.xml:11:13-13:85
71                android:name="com.google.firebase.components:com.google.firebase.auth.ktx.FirebaseAuthLegacyRegistrar"
71-->[com.google.firebase:firebase-auth-ktx:23.0.0] AndroidManifest.xml:12:17-119
72                android:value="com.google.firebase.components.ComponentRegistrar" />
72-->[com.google.firebase:firebase-auth-ktx:23.0.0] AndroidManifest.xml:13:17-82
73            <meta-data
73-->[com.google.firebase:firebase-auth:23.0.0] AndroidManifest.xml:69:13-71:85
74                android:name="com.google.firebase.components:com.google.firebase.auth.FirebaseAuthRegistrar"
74-->[com.google.firebase:firebase-auth:23.0.0] AndroidManifest.xml:70:17-109
75                android:value="com.google.firebase.components.ComponentRegistrar" />
75-->[com.google.firebase:firebase-auth:23.0.0] AndroidManifest.xml:71:17-82
76            <meta-data
76-->[com.google.firebase:firebase-storage-ktx:21.0.0] AndroidManifest.xml:12:13-14:85
77                android:name="com.google.firebase.components:com.google.firebase.storage.ktx.FirebaseStorageLegacyRegistrar"
77-->[com.google.firebase:firebase-storage-ktx:21.0.0] AndroidManifest.xml:13:17-125
78                android:value="com.google.firebase.components.ComponentRegistrar" />
78-->[com.google.firebase:firebase-storage-ktx:21.0.0] AndroidManifest.xml:14:17-82
79            <meta-data
79-->[com.google.firebase:firebase-firestore-ktx:25.0.0] AndroidManifest.xml:12:13-14:85
80                android:name="com.google.firebase.components:com.google.firebase.firestore.ktx.FirebaseFirestoreLegacyRegistrar"
80-->[com.google.firebase:firebase-firestore-ktx:25.0.0] AndroidManifest.xml:13:17-129
81                android:value="com.google.firebase.components.ComponentRegistrar" />
81-->[com.google.firebase:firebase-firestore-ktx:25.0.0] AndroidManifest.xml:14:17-82
82            <meta-data
82-->[com.google.firebase:firebase-storage:21.0.0] AndroidManifest.xml:30:13-32:85
83                android:name="com.google.firebase.components:com.google.firebase.storage.FirebaseStorageKtxRegistrar"
83-->[com.google.firebase:firebase-storage:21.0.0] AndroidManifest.xml:31:17-118
84                android:value="com.google.firebase.components.ComponentRegistrar" />
84-->[com.google.firebase:firebase-storage:21.0.0] AndroidManifest.xml:32:17-82
85            <meta-data
85-->[com.google.firebase:firebase-storage:21.0.0] AndroidManifest.xml:33:13-35:85
86                android:name="com.google.firebase.components:com.google.firebase.storage.StorageRegistrar"
86-->[com.google.firebase:firebase-storage:21.0.0] AndroidManifest.xml:34:17-107
87                android:value="com.google.firebase.components.ComponentRegistrar" />
87-->[com.google.firebase:firebase-storage:21.0.0] AndroidManifest.xml:35:17-82
88            <meta-data
88-->[com.google.firebase:firebase-firestore:25.0.0] AndroidManifest.xml:17:13-19:85
89                android:name="com.google.firebase.components:com.google.firebase.firestore.FirebaseFirestoreKtxRegistrar"
89-->[com.google.firebase:firebase-firestore:25.0.0] AndroidManifest.xml:18:17-122
90                android:value="com.google.firebase.components.ComponentRegistrar" />
90-->[com.google.firebase:firebase-firestore:25.0.0] AndroidManifest.xml:19:17-82
91            <meta-data
91-->[com.google.firebase:firebase-firestore:25.0.0] AndroidManifest.xml:20:13-22:85
92                android:name="com.google.firebase.components:com.google.firebase.firestore.FirestoreRegistrar"
92-->[com.google.firebase:firebase-firestore:25.0.0] AndroidManifest.xml:21:17-111
93                android:value="com.google.firebase.components.ComponentRegistrar" />
93-->[com.google.firebase:firebase-firestore:25.0.0] AndroidManifest.xml:22:17-82
94            <meta-data
94-->[com.google.firebase:firebase-appcheck:18.0.0] AndroidManifest.xml:25:13-27:85
95                android:name="com.google.firebase.components:com.google.firebase.appcheck.FirebaseAppCheckKtxRegistrar"
95-->[com.google.firebase:firebase-appcheck:18.0.0] AndroidManifest.xml:26:17-120
96                android:value="com.google.firebase.components.ComponentRegistrar" />
96-->[com.google.firebase:firebase-appcheck:18.0.0] AndroidManifest.xml:27:17-82
97            <meta-data
97-->[com.google.firebase:firebase-appcheck:18.0.0] AndroidManifest.xml:28:13-30:85
98                android:name="com.google.firebase.components:com.google.firebase.appcheck.FirebaseAppCheckRegistrar"
98-->[com.google.firebase:firebase-appcheck:18.0.0] AndroidManifest.xml:29:17-117
99                android:value="com.google.firebase.components.ComponentRegistrar" />
99-->[com.google.firebase:firebase-appcheck:18.0.0] AndroidManifest.xml:30:17-82
100            <meta-data
100-->[com.google.firebase:firebase-common-ktx:21.0.0] AndroidManifest.xml:12:13-14:85
101                android:name="com.google.firebase.components:com.google.firebase.ktx.FirebaseCommonLegacyRegistrar"
101-->[com.google.firebase:firebase-common-ktx:21.0.0] AndroidManifest.xml:13:17-116
102                android:value="com.google.firebase.components.ComponentRegistrar" />
102-->[com.google.firebase:firebase-common-ktx:21.0.0] AndroidManifest.xml:14:17-82
103            <meta-data
103-->[com.google.firebase:firebase-common:21.0.0] AndroidManifest.xml:35:13-37:85
104                android:name="com.google.firebase.components:com.google.firebase.FirebaseCommonKtxRegistrar"
104-->[com.google.firebase:firebase-common:21.0.0] AndroidManifest.xml:36:17-109
105                android:value="com.google.firebase.components.ComponentRegistrar" />
105-->[com.google.firebase:firebase-common:21.0.0] AndroidManifest.xml:37:17-82
106        </service>
107
108        <activity
108-->[com.google.firebase:firebase-auth:23.0.0] AndroidManifest.xml:29:9-46:20
109            android:name="com.google.firebase.auth.internal.GenericIdpActivity"
109-->[com.google.firebase:firebase-auth:23.0.0] AndroidManifest.xml:30:13-80
110            android:excludeFromRecents="true"
110-->[com.google.firebase:firebase-auth:23.0.0] AndroidManifest.xml:31:13-46
111            android:exported="true"
111-->[com.google.firebase:firebase-auth:23.0.0] AndroidManifest.xml:32:13-36
112            android:launchMode="singleTask"
112-->[com.google.firebase:firebase-auth:23.0.0] AndroidManifest.xml:33:13-44
113            android:theme="@android:style/Theme.Translucent.NoTitleBar" >
113-->[com.google.firebase:firebase-auth:23.0.0] AndroidManifest.xml:34:13-72
114            <intent-filter>
114-->[com.google.firebase:firebase-auth:23.0.0] AndroidManifest.xml:35:13-45:29
115                <action android:name="android.intent.action.VIEW" />
115-->[com.google.firebase:firebase-auth:23.0.0] AndroidManifest.xml:36:17-69
115-->[com.google.firebase:firebase-auth:23.0.0] AndroidManifest.xml:36:25-66
116
117                <category android:name="android.intent.category.DEFAULT" />
117-->[com.google.firebase:firebase-auth:23.0.0] AndroidManifest.xml:38:17-76
117-->[com.google.firebase:firebase-auth:23.0.0] AndroidManifest.xml:38:27-73
118                <category android:name="android.intent.category.BROWSABLE" />
118-->[com.google.firebase:firebase-auth:23.0.0] AndroidManifest.xml:39:17-78
118-->[com.google.firebase:firebase-auth:23.0.0] AndroidManifest.xml:39:27-75
119
120                <data
120-->[com.google.firebase:firebase-auth:23.0.0] AndroidManifest.xml:41:17-44:51
121                    android:host="firebase.auth"
121-->[com.google.firebase:firebase-auth:23.0.0] AndroidManifest.xml:42:21-49
122                    android:path="/"
122-->[com.google.firebase:firebase-auth:23.0.0] AndroidManifest.xml:43:21-37
123                    android:scheme="genericidp" />
123-->[com.google.firebase:firebase-auth:23.0.0] AndroidManifest.xml:44:21-48
124            </intent-filter>
125        </activity>
126        <activity
126-->[com.google.firebase:firebase-auth:23.0.0] AndroidManifest.xml:47:9-64:20
127            android:name="com.google.firebase.auth.internal.RecaptchaActivity"
127-->[com.google.firebase:firebase-auth:23.0.0] AndroidManifest.xml:48:13-79
128            android:excludeFromRecents="true"
128-->[com.google.firebase:firebase-auth:23.0.0] AndroidManifest.xml:49:13-46
129            android:exported="true"
129-->[com.google.firebase:firebase-auth:23.0.0] AndroidManifest.xml:50:13-36
130            android:launchMode="singleTask"
130-->[com.google.firebase:firebase-auth:23.0.0] AndroidManifest.xml:51:13-44
131            android:theme="@android:style/Theme.Translucent.NoTitleBar" >
131-->[com.google.firebase:firebase-auth:23.0.0] AndroidManifest.xml:52:13-72
132            <intent-filter>
132-->[com.google.firebase:firebase-auth:23.0.0] AndroidManifest.xml:53:13-63:29
133                <action android:name="android.intent.action.VIEW" />
133-->[com.google.firebase:firebase-auth:23.0.0] AndroidManifest.xml:36:17-69
133-->[com.google.firebase:firebase-auth:23.0.0] AndroidManifest.xml:36:25-66
134
135                <category android:name="android.intent.category.DEFAULT" />
135-->[com.google.firebase:firebase-auth:23.0.0] AndroidManifest.xml:38:17-76
135-->[com.google.firebase:firebase-auth:23.0.0] AndroidManifest.xml:38:27-73
136                <category android:name="android.intent.category.BROWSABLE" />
136-->[com.google.firebase:firebase-auth:23.0.0] AndroidManifest.xml:39:17-78
136-->[com.google.firebase:firebase-auth:23.0.0] AndroidManifest.xml:39:27-75
137
138                <data
138-->[com.google.firebase:firebase-auth:23.0.0] AndroidManifest.xml:41:17-44:51
139                    android:host="firebase.auth"
139-->[com.google.firebase:firebase-auth:23.0.0] AndroidManifest.xml:42:21-49
140                    android:path="/"
140-->[com.google.firebase:firebase-auth:23.0.0] AndroidManifest.xml:43:21-37
141                    android:scheme="recaptcha" />
141-->[com.google.firebase:firebase-auth:23.0.0] AndroidManifest.xml:44:21-48
142            </intent-filter>
143        </activity>
144
145        <provider
145-->[com.google.firebase:firebase-common:21.0.0] AndroidManifest.xml:23:9-28:39
146            android:name="com.google.firebase.provider.FirebaseInitProvider"
146-->[com.google.firebase:firebase-common:21.0.0] AndroidManifest.xml:24:13-77
147            android:authorities="com.renteasy.app.firebaseinitprovider"
147-->[com.google.firebase:firebase-common:21.0.0] AndroidManifest.xml:25:13-72
148            android:directBootAware="true"
148-->[com.google.firebase:firebase-common:21.0.0] AndroidManifest.xml:26:13-43
149            android:exported="false"
149-->[com.google.firebase:firebase-common:21.0.0] AndroidManifest.xml:27:13-37
150            android:initOrder="100" />
150-->[com.google.firebase:firebase-common:21.0.0] AndroidManifest.xml:28:13-36
151
152        <service
152-->[androidx.credentials:credentials-play-services-auth:1.2.0-rc01] AndroidManifest.xml:24:9-32:19
153            android:name="androidx.credentials.playservices.CredentialProviderMetadataHolder"
153-->[androidx.credentials:credentials-play-services-auth:1.2.0-rc01] AndroidManifest.xml:25:13-94
154            android:enabled="true"
154-->[androidx.credentials:credentials-play-services-auth:1.2.0-rc01] AndroidManifest.xml:26:13-35
155            android:exported="false" >
155-->[androidx.credentials:credentials-play-services-auth:1.2.0-rc01] AndroidManifest.xml:27:13-37
156            <meta-data
156-->[androidx.credentials:credentials-play-services-auth:1.2.0-rc01] AndroidManifest.xml:29:13-31:104
157                android:name="androidx.credentials.CREDENTIAL_PROVIDER_KEY"
157-->[androidx.credentials:credentials-play-services-auth:1.2.0-rc01] AndroidManifest.xml:30:17-76
158                android:value="androidx.credentials.playservices.CredentialProviderPlayServicesImpl" />
158-->[androidx.credentials:credentials-play-services-auth:1.2.0-rc01] AndroidManifest.xml:31:17-101
159        </service>
160
161        <activity
161-->[androidx.credentials:credentials-play-services-auth:1.2.0-rc01] AndroidManifest.xml:34:9-41:20
162            android:name="androidx.credentials.playservices.HiddenActivity"
162-->[androidx.credentials:credentials-play-services-auth:1.2.0-rc01] AndroidManifest.xml:35:13-76
163            android:configChanges="orientation|screenSize|screenLayout|keyboardHidden"
163-->[androidx.credentials:credentials-play-services-auth:1.2.0-rc01] AndroidManifest.xml:36:13-87
164            android:enabled="true"
164-->[androidx.credentials:credentials-play-services-auth:1.2.0-rc01] AndroidManifest.xml:37:13-35
165            android:exported="false"
165-->[androidx.credentials:credentials-play-services-auth:1.2.0-rc01] AndroidManifest.xml:38:13-37
166            android:fitsSystemWindows="true"
166-->[androidx.credentials:credentials-play-services-auth:1.2.0-rc01] AndroidManifest.xml:39:13-45
167            android:theme="@style/Theme.Hidden" >
167-->[androidx.credentials:credentials-play-services-auth:1.2.0-rc01] AndroidManifest.xml:40:13-48
168        </activity>
169        <activity
169-->[com.google.android.gms:play-services-auth:20.7.0] AndroidManifest.xml:23:9-27:75
170            android:name="com.google.android.gms.auth.api.signin.internal.SignInHubActivity"
170-->[com.google.android.gms:play-services-auth:20.7.0] AndroidManifest.xml:24:13-93
171            android:excludeFromRecents="true"
171-->[com.google.android.gms:play-services-auth:20.7.0] AndroidManifest.xml:25:13-46
172            android:exported="false"
172-->[com.google.android.gms:play-services-auth:20.7.0] AndroidManifest.xml:26:13-37
173            android:theme="@android:style/Theme.Translucent.NoTitleBar" />
173-->[com.google.android.gms:play-services-auth:20.7.0] AndroidManifest.xml:27:13-72
174        <!--
175            Service handling Google Sign-In user revocation. For apps that do not integrate with
176            Google Sign-In, this service will never be started.
177        -->
178        <service
178-->[com.google.android.gms:play-services-auth:20.7.0] AndroidManifest.xml:33:9-37:51
179            android:name="com.google.android.gms.auth.api.signin.RevocationBoundService"
179-->[com.google.android.gms:play-services-auth:20.7.0] AndroidManifest.xml:34:13-89
180            android:exported="true"
180-->[com.google.android.gms:play-services-auth:20.7.0] AndroidManifest.xml:35:13-36
181            android:permission="com.google.android.gms.auth.api.signin.permission.REVOCATION_NOTIFICATION"
181-->[com.google.android.gms:play-services-auth:20.7.0] AndroidManifest.xml:36:13-107
182            android:visibleToInstantApps="true" />
182-->[com.google.android.gms:play-services-auth:20.7.0] AndroidManifest.xml:37:13-48
183
184        <activity
184-->[com.google.android.gms:play-services-base:18.1.0] AndroidManifest.xml:20:9-22:45
185            android:name="com.google.android.gms.common.api.GoogleApiActivity"
185-->[com.google.android.gms:play-services-base:18.1.0] AndroidManifest.xml:20:19-85
186            android:exported="false"
186-->[com.google.android.gms:play-services-base:18.1.0] AndroidManifest.xml:22:19-43
187            android:theme="@android:style/Theme.Translucent.NoTitleBar" />
187-->[com.google.android.gms:play-services-base:18.1.0] AndroidManifest.xml:21:19-78
188
189        <provider
189-->[androidx.emoji2:emoji2:1.3.0] AndroidManifest.xml:24:9-32:20
190            android:name="androidx.startup.InitializationProvider"
190-->[androidx.emoji2:emoji2:1.3.0] AndroidManifest.xml:25:13-67
191            android:authorities="com.renteasy.app.androidx-startup"
191-->[androidx.emoji2:emoji2:1.3.0] AndroidManifest.xml:26:13-68
192            android:exported="false" >
192-->[androidx.emoji2:emoji2:1.3.0] AndroidManifest.xml:27:13-37
193            <meta-data
193-->[androidx.emoji2:emoji2:1.3.0] AndroidManifest.xml:29:13-31:52
194                android:name="androidx.emoji2.text.EmojiCompatInitializer"
194-->[androidx.emoji2:emoji2:1.3.0] AndroidManifest.xml:30:17-75
195                android:value="androidx.startup" />
195-->[androidx.emoji2:emoji2:1.3.0] AndroidManifest.xml:31:17-49
196            <meta-data
196-->[androidx.lifecycle:lifecycle-process:2.7.0] AndroidManifest.xml:29:13-31:52
197                android:name="androidx.lifecycle.ProcessLifecycleInitializer"
197-->[androidx.lifecycle:lifecycle-process:2.7.0] AndroidManifest.xml:30:17-78
198                android:value="androidx.startup" />
198-->[androidx.lifecycle:lifecycle-process:2.7.0] AndroidManifest.xml:31:17-49
199            <meta-data
199-->[androidx.profileinstaller:profileinstaller:1.3.1] AndroidManifest.xml:29:13-31:52
200                android:name="androidx.profileinstaller.ProfileInstallerInitializer"
200-->[androidx.profileinstaller:profileinstaller:1.3.1] AndroidManifest.xml:30:17-85
201                android:value="androidx.startup" />
201-->[androidx.profileinstaller:profileinstaller:1.3.1] AndroidManifest.xml:31:17-49
202        </provider>
203
204        <service
204-->[androidx.room:room-runtime:2.6.1] AndroidManifest.xml:24:9-28:63
205            android:name="androidx.room.MultiInstanceInvalidationService"
205-->[androidx.room:room-runtime:2.6.1] AndroidManifest.xml:25:13-74
206            android:directBootAware="true"
206-->[androidx.room:room-runtime:2.6.1] AndroidManifest.xml:26:13-43
207            android:exported="false" />
207-->[androidx.room:room-runtime:2.6.1] AndroidManifest.xml:27:13-37
208
209        <meta-data
209-->[com.google.android.gms:play-services-basement:18.3.0] AndroidManifest.xml:21:9-23:69
210            android:name="com.google.android.gms.version"
210-->[com.google.android.gms:play-services-basement:18.3.0] AndroidManifest.xml:22:13-58
211            android:value="@integer/google_play_services_version" />
211-->[com.google.android.gms:play-services-basement:18.3.0] AndroidManifest.xml:23:13-66
212
213        <receiver
213-->[androidx.profileinstaller:profileinstaller:1.3.1] AndroidManifest.xml:34:9-52:20
214            android:name="androidx.profileinstaller.ProfileInstallReceiver"
214-->[androidx.profileinstaller:profileinstaller:1.3.1] AndroidManifest.xml:35:13-76
215            android:directBootAware="false"
215-->[androidx.profileinstaller:profileinstaller:1.3.1] AndroidManifest.xml:36:13-44
216            android:enabled="true"
216-->[androidx.profileinstaller:profileinstaller:1.3.1] AndroidManifest.xml:37:13-35
217            android:exported="true"
217-->[androidx.profileinstaller:profileinstaller:1.3.1] AndroidManifest.xml:38:13-36
218            android:permission="android.permission.DUMP" >
218-->[androidx.profileinstaller:profileinstaller:1.3.1] AndroidManifest.xml:39:13-57
219            <intent-filter>
219-->[androidx.profileinstaller:profileinstaller:1.3.1] AndroidManifest.xml:40:13-42:29
220                <action android:name="androidx.profileinstaller.action.INSTALL_PROFILE" />
220-->[androidx.profileinstaller:profileinstaller:1.3.1] AndroidManifest.xml:41:17-91
220-->[androidx.profileinstaller:profileinstaller:1.3.1] AndroidManifest.xml:41:25-88
221            </intent-filter>
222            <intent-filter>
222-->[androidx.profileinstaller:profileinstaller:1.3.1] AndroidManifest.xml:43:13-45:29
223                <action android:name="androidx.profileinstaller.action.SKIP_FILE" />
223-->[androidx.profileinstaller:profileinstaller:1.3.1] AndroidManifest.xml:44:17-85
223-->[androidx.profileinstaller:profileinstaller:1.3.1] AndroidManifest.xml:44:25-82
224            </intent-filter>
225            <intent-filter>
225-->[androidx.profileinstaller:profileinstaller:1.3.1] AndroidManifest.xml:46:13-48:29
226                <action android:name="androidx.profileinstaller.action.SAVE_PROFILE" />
226-->[androidx.profileinstaller:profileinstaller:1.3.1] AndroidManifest.xml:47:17-88
226-->[androidx.profileinstaller:profileinstaller:1.3.1] AndroidManifest.xml:47:25-85
227            </intent-filter>
228            <intent-filter>
228-->[androidx.profileinstaller:profileinstaller:1.3.1] AndroidManifest.xml:49:13-51:29
229                <action android:name="androidx.profileinstaller.action.BENCHMARK_OPERATION" />
229-->[androidx.profileinstaller:profileinstaller:1.3.1] AndroidManifest.xml:50:17-95
229-->[androidx.profileinstaller:profileinstaller:1.3.1] AndroidManifest.xml:50:25-92
230            </intent-filter>
231        </receiver>
232    </application>
233
234</manifest>